\BOOKMARK [0][-]{chapter.1}{\376\377\000I\000n\000t\000r\000o\000d\000u\000c\000t\000i\000o\000n}{}% 1
\BOOKMARK [1][-]{section.1.1}{\376\377\000P\000r\000o\000j\000e\000c\000t\000\040\000O\000v\000e\000r\000v\000i\000e\000w}{chapter.1}% 2
\BOOKMARK [1][-]{section.1.2}{\376\377\000M\000o\000t\000i\000v\000a\000t\000i\000o\000n}{chapter.1}% 3
\BOOKMARK [2][-]{subsection.1.2.1}{\376\377\000B\000r\000i\000d\000g\000i\000n\000g\000\040\000T\000h\000e\000o\000r\000y\000\040\000a\000n\000d\000\040\000P\000r\000a\000c\000t\000i\000c\000e}{section.1.2}% 4
\BOOKMARK [2][-]{subsection.1.2.2}{\376\377\000I\000n\000t\000e\000r\000v\000i\000e\000w\000\040\000P\000r\000e\000p\000a\000r\000a\000t\000i\000o\000n}{section.1.2}% 5
\BOOKMARK [1][-]{section.1.3}{\376\377\000T\000e\000c\000h\000n\000o\000l\000o\000g\000y\000\040\000S\000t\000a\000c\000k}{chapter.1}% 6
\BOOKMARK [1][-]{section.1.4}{\376\377\000F\000e\000a\000t\000u\000r\000e\000\040\000S\000u\000m\000m\000a\000r\000y}{chapter.1}% 7
\BOOKMARK [2][-]{subsection.1.4.1}{\376\377\000C\000+\000+\000\040\000B\000a\000c\000k\000e\000n\000d}{section.1.4}% 8
\BOOKMARK [2][-]{subsection.1.4.2}{\376\377\000R\000e\000a\000c\000t\000\040\000F\000r\000o\000n\000t\000e\000n\000d}{section.1.4}% 9
\BOOKMARK [1][-]{section.1.5}{\376\377\000H\000o\000w\000\040\000t\000o\000\040\000R\000e\000a\000d\000\040\000T\000h\000i\000s\000\040\000D\000o\000c\000u\000m\000e\000n\000t}{chapter.1}% 10
\BOOKMARK [0][-]{chapter.2}{\376\377\000S\000y\000s\000t\000e\000m\000\040\000A\000r\000c\000h\000i\000t\000e\000c\000t\000u\000r\000e}{}% 11
\BOOKMARK [1][-]{section.2.1}{\376\377\000H\000i\000g\000h\000-\000L\000e\000v\000e\000l\000\040\000O\000v\000e\000r\000v\000i\000e\000w}{chapter.2}% 12
\BOOKMARK [1][-]{section.2.2}{\376\377\000L\000a\000y\000e\000r\000-\000b\000y\000-\000L\000a\000y\000e\000r\000\040\000W\000a\000l\000k\000t\000h\000r\000o\000u\000g\000h}{chapter.2}% 13
\BOOKMARK [2][-]{subsection.2.2.1}{\376\377\000P\000r\000e\000s\000e\000n\000t\000a\000t\000i\000o\000n\000\040\000L\000a\000y\000e\000r\000\040\040\024\000\040\000R\000e\000a\000c\000t\000\040\000F\000r\000o\000n\000t\000e\000n\000d}{section.2.2}% 14
\BOOKMARK [2][-]{subsection.2.2.2}{\376\377\000N\000e\000t\000w\000o\000r\000k\000\040\000L\000a\000y\000e\000r\000\040\040\024\000\040\000H\000T\000T\000P\000\040\000S\000e\000r\000v\000e\000r}{section.2.2}% 15
\BOOKMARK [2][-]{subsection.2.2.3}{\376\377\000Q\000u\000e\000r\000y\000\040\000P\000r\000o\000c\000e\000s\000s\000i\000n\000g\000\040\000L\000a\000y\000e\000r}{section.2.2}% 16
\BOOKMARK [2][-]{subsection.2.2.4}{\376\377\000C\000a\000t\000a\000l\000o\000g\000\040\000L\000a\000y\000e\000r}{section.2.2}% 17
\BOOKMARK [2][-]{subsection.2.2.5}{\376\377\000S\000t\000o\000r\000a\000g\000e\000\040\000L\000a\000y\000e\000r}{section.2.2}% 18
\BOOKMARK [1][-]{section.2.3}{\376\377\000D\000a\000t\000a\000\040\000F\000l\000o\000w\000\040\000E\000x\000a\000m\000p\000l\000e}{chapter.2}% 19
\BOOKMARK [1][-]{section.2.4}{\376\377\000N\000a\000m\000e\000s\000p\000a\000c\000e\000\040\000a\000n\000d\000\040\000C\000o\000d\000e\000\040\000O\000r\000g\000a\000n\000i\000s\000a\000t\000i\000o\000n}{chapter.2}% 20
\BOOKMARK [0][-]{chapter.3}{\376\377\000S\000t\000o\000r\000a\000g\000e\000\040\000E\000n\000g\000i\000n\000e}{}% 21
\BOOKMARK [1][-]{section.3.1}{\376\377\000W\000h\000y\000\040\000a\000\040\000C\000u\000s\000t\000o\000m\000\040\000S\000t\000o\000r\000a\000g\000e\000\040\000E\000n\000g\000i\000n\000e\000?}{chapter.3}% 22
\BOOKMARK [1][-]{section.3.2}{\376\377\000P\000a\000g\000e\000\040\000S\000t\000r\000u\000c\000t\000u\000r\000e}{chapter.3}% 23
\BOOKMARK [2][-]{subsection.3.2.1}{\376\377\000P\000a\000g\000e\000\040\000H\000e\000a\000d\000e\000r}{section.3.2}% 24
\BOOKMARK [2][-]{subsection.3.2.2}{\376\377\000S\000l\000o\000t\000\040\000D\000i\000r\000e\000c\000t\000o\000r\000y}{section.3.2}% 25
\BOOKMARK [2][-]{subsection.3.2.3}{\376\377\000F\000r\000e\000e\000\040\000S\000p\000a\000c\000e\000\040\000C\000a\000l\000c\000u\000l\000a\000t\000i\000o\000n}{section.3.2}% 26
\BOOKMARK [1][-]{section.3.3}{\376\377\000T\000u\000p\000l\000e\000\040\000I\000n\000s\000e\000r\000t\000i\000o\000n}{chapter.3}% 27
\BOOKMARK [1][-]{section.3.4}{\376\377\000T\000u\000p\000l\000e\000\040\000S\000e\000r\000i\000a\000l\000i\000s\000a\000t\000i\000o\000n}{chapter.3}% 28
\BOOKMARK [1][-]{section.3.5}{\376\377\000D\000i\000s\000k\000\040\000M\000a\000n\000a\000g\000e\000r}{chapter.3}% 29
\BOOKMARK [1][-]{section.3.6}{\376\377\000T\000a\000b\000l\000e\000\040\000O\000p\000e\000r\000a\000t\000i\000o\000n\000s}{chapter.3}% 30
\BOOKMARK [1][-]{section.3.7}{\376\377\000F\000i\000l\000e\000\040\000O\000r\000g\000a\000n\000i\000s\000a\000t\000i\000o\000n\000\040\000C\000o\000m\000p\000a\000r\000i\000s\000o\000n}{chapter.3}% 31
\BOOKMARK [0][-]{chapter.4}{\376\377\000I\000n\000d\000e\000x\000i\000n\000g}{}% 32
\BOOKMARK [1][-]{section.4.1}{\376\377\000W\000h\000y\000\040\000I\000n\000d\000e\000x\000e\000s\000\040\000M\000a\000t\000t\000e\000r}{chapter.4}% 33
\BOOKMARK [1][-]{section.4.2}{\376\377\000I\000n\000d\000e\000x\000\040\000M\000e\000t\000a\000d\000a\000t\000a\000\040\000i\000n\000\040\000S\000h\000i\000f\000t\000\137\000E\000l\000i\000t\000e\000\040\000D\000B}{chapter.4}% 34
\BOOKMARK [1][-]{section.4.3}{\376\377\000B\000-\000T\000r\000e\000e\000\040\000F\000u\000n\000d\000a\000m\000e\000n\000t\000a\000l\000s}{chapter.4}% 35
\BOOKMARK [2][-]{subsection.4.3.1}{\376\377\000P\000r\000o\000p\000e\000r\000t\000i\000e\000s}{section.4.3}% 36
\BOOKMARK [2][-]{subsection.4.3.2}{\376\377\000B\000-\000T\000r\000e\000e\000\040\000S\000t\000r\000u\000c\000t\000u\000r\000e\000\040\000D\000i\000a\000g\000r\000a\000m}{section.4.3}% 37
\BOOKMARK [2][-]{subsection.4.3.3}{\376\377\000B\000-\000T\000r\000e\000e\000\040\000O\000p\000e\000r\000a\000t\000i\000o\000n\000s}{section.4.3}% 38
\BOOKMARK [1][-]{section.4.4}{\376\377\000B\000+\000-\000T\000r\000e\000e\000\040\000v\000s\000\040\000B\000-\000T\000r\000e\000e}{chapter.4}% 39
\BOOKMARK [1][-]{section.4.5}{\376\377\000H\000a\000s\000h\000\040\000I\000n\000d\000e\000x\000e\000s}{chapter.4}% 40
\BOOKMARK [1][-]{section.4.6}{\376\377\000I\000n\000d\000e\000x\000\040\000S\000e\000l\000e\000c\000t\000i\000o\000n\000\040\000G\000u\000i\000d\000e\000l\000i\000n\000e\000s}{chapter.4}% 41
\BOOKMARK [1][-]{section.4.7}{\376\377\000C\000o\000m\000p\000l\000e\000x\000i\000t\000y\000\040\000S\000u\000m\000m\000a\000r\000y}{chapter.4}% 42
\BOOKMARK [0][-]{chapter.5}{\376\377\000S\000Q\000L\000\040\000P\000a\000r\000s\000e\000r}{}% 43
\BOOKMARK [1][-]{section.5.1}{\376\377\000O\000v\000e\000r\000v\000i\000e\000w\000\040\000o\000f\000\040\000P\000a\000r\000s\000i\000n\000g}{chapter.5}% 44
\BOOKMARK [1][-]{section.5.2}{\376\377\000L\000e\000x\000e\000r\000\040\000\050\000T\000o\000k\000e\000n\000i\000s\000e\000r\000\051}{chapter.5}% 45
\BOOKMARK [2][-]{subsection.5.2.1}{\376\377\000T\000o\000k\000e\000n\000\040\000T\000y\000p\000e\000s}{section.5.2}% 46
\BOOKMARK [2][-]{subsection.5.2.2}{\376\377\000L\000e\000x\000e\000r\000\040\000A\000l\000g\000o\000r\000i\000t\000h\000m}{section.5.2}% 47
\BOOKMARK [2][-]{subsection.5.2.3}{\376\377\000K\000e\000y\000w\000o\000r\000d\000\040\000R\000e\000c\000o\000g\000n\000i\000t\000i\000o\000n}{section.5.2}% 48
\BOOKMARK [1][-]{section.5.3}{\376\377\000R\000e\000c\000u\000r\000s\000i\000v\000e\000-\000D\000e\000s\000c\000e\000n\000t\000\040\000P\000a\000r\000s\000e\000r}{chapter.5}% 49
\BOOKMARK [2][-]{subsection.5.3.1}{\376\377\000E\000x\000p\000r\000e\000s\000s\000i\000o\000n\000\040\000P\000a\000r\000s\000i\000n\000g}{section.5.3}% 50
\BOOKMARK [1][-]{section.5.4}{\376\377\000A\000b\000s\000t\000r\000a\000c\000t\000\040\000S\000y\000n\000t\000a\000x\000\040\000T\000r\000e\000e\000\040\000\050\000A\000S\000T\000\051}{chapter.5}% 51
\BOOKMARK [2][-]{subsection.5.4.1}{\376\377\000E\000x\000p\000r\000e\000s\000s\000i\000o\000n\000\040\000N\000o\000d\000e\000s}{section.5.4}% 52
\BOOKMARK [2][-]{subsection.5.4.2}{\376\377\000E\000x\000a\000m\000p\000l\000e\000\040\000A\000S\000T}{section.5.4}% 53
\BOOKMARK [1][-]{section.5.5}{\376\377\000P\000a\000r\000s\000e\000r\000\040\000H\000e\000l\000p\000e\000r\000\040\000M\000e\000t\000h\000o\000d\000s}{chapter.5}% 54
\BOOKMARK [1][-]{section.5.6}{\376\377\000D\000e\000s\000i\000g\000n\000\040\000D\000e\000c\000i\000s\000i\000o\000n\000s}{chapter.5}% 55
\BOOKMARK [0][-]{chapter.6}{\376\377\000Q\000u\000e\000r\000y\000\040\000O\000p\000t\000i\000m\000i\000s\000e\000r}{}% 56
\BOOKMARK [1][-]{section.6.1}{\376\377\000T\000h\000e\000\040\000R\000o\000l\000e\000\040\000o\000f\000\040\000a\000\040\000Q\000u\000e\000r\000y\000\040\000O\000p\000t\000i\000m\000i\000s\000e\000r}{chapter.6}% 57
\BOOKMARK [1][-]{section.6.2}{\376\377\000Q\000u\000e\000r\000y\000\040\000P\000r\000o\000c\000e\000s\000s\000i\000n\000g\000\040\000i\000n\000\040\000S\000h\000i\000f\000t\000\137\000E\000l\000i\000t\000e\000\040\000D\000B}{chapter.6}% 58
\BOOKMARK [1][-]{section.6.3}{\376\377\000E\000X\000P\000L\000A\000I\000N\000\040\000O\000u\000t\000p\000u\000t}{chapter.6}% 59
\BOOKMARK [1][-]{section.6.4}{\376\377\000C\000l\000a\000s\000s\000i\000c\000a\000l\000\040\000O\000p\000t\000i\000m\000i\000s\000e\000r\000\040\000A\000r\000c\000h\000i\000t\000e\000c\000t\000u\000r\000e}{chapter.6}% 60
\BOOKMARK [2][-]{subsection.6.4.1}{\376\377\000L\000o\000g\000i\000c\000a\000l\000\040\000P\000l\000a\000n\000\040\000\040\000P\000h\000y\000s\000i\000c\000a\000l\000\040\000P\000l\000a\000n}{section.6.4}% 61
\BOOKMARK [2][-]{subsection.6.4.2}{\376\377\000K\000e\000y\000\040\000R\000e\000w\000r\000i\000t\000e\000\040\000R\000u\000l\000e\000s}{section.6.4}% 62
\BOOKMARK [2][-]{subsection.6.4.3}{\376\377\000C\000o\000s\000t\000\040\000E\000s\000t\000i\000m\000a\000t\000i\000o\000n}{section.6.4}% 63
\BOOKMARK [1][-]{section.6.5}{\376\377\000J\000o\000i\000n\000\040\000A\000l\000g\000o\000r\000i\000t\000h\000m\000s}{chapter.6}% 64
\BOOKMARK [2][-]{subsection.6.5.1}{\376\377\000N\000e\000s\000t\000e\000d\000\040\000L\000o\000o\000p\000\040\000J\000o\000i\000n\000\040\000i\000n\000\040\000S\000h\000i\000f\000t\000\137\000E\000l\000i\000t\000e\000\040\000D\000B}{section.6.5}% 65
\BOOKMARK [1][-]{section.6.6}{\376\377\000Q\000u\000e\000r\000y\000\040\000E\000x\000e\000c\000u\000t\000i\000o\000n\000\040\000S\000t\000r\000a\000t\000e\000g\000i\000e\000s}{chapter.6}% 66
\BOOKMARK [1][-]{section.6.7}{\376\377\000E\000x\000e\000c\000u\000t\000i\000o\000n\000\040\000S\000t\000e\000p\000s\000\040\000i\000n\000\040\000e\000x\000e\000c\000u\000t\000e\000S\000e\000l\000e\000c\000t}{chapter.6}% 67
\BOOKMARK [0][-]{chapter.7}{\376\377\000T\000r\000a\000n\000s\000a\000c\000t\000i\000o\000n\000\040\000M\000a\000n\000a\000g\000e\000r}{}% 68
\BOOKMARK [1][-]{section.7.1}{\376\377\000W\000h\000a\000t\000\040\000I\000s\000\040\000a\000\040\000T\000r\000a\000n\000s\000a\000c\000t\000i\000o\000n\000?}{chapter.7}% 69
\BOOKMARK [1][-]{section.7.2}{\376\377\000T\000r\000a\000n\000s\000a\000c\000t\000i\000o\000n\000\040\000S\000u\000p\000p\000o\000r\000t\000\040\000i\000n\000\040\000S\000h\000i\000f\000t\000\137\000E\000l\000i\000t\000e\000\040\000D\000B}{chapter.7}% 70
\BOOKMARK [1][-]{section.7.3}{\376\377\000A\000t\000o\000m\000i\000c\000i\000t\000y\000\040\000a\000n\000d\000\040\000t\000h\000e\000\040\000U\000n\000d\000o\000\040\000L\000o\000g}{chapter.7}% 71
\BOOKMARK [1][-]{section.7.4}{\376\377\000I\000s\000o\000l\000a\000t\000i\000o\000n\000\040\000L\000e\000v\000e\000l\000s}{chapter.7}% 72
\BOOKMARK [1][-]{section.7.5}{\376\377\000C\000o\000n\000c\000u\000r\000r\000e\000n\000c\000y\000\040\000C\000o\000n\000t\000r\000o\000l\000\040\000M\000e\000c\000h\000a\000n\000i\000s\000m\000s}{chapter.7}% 73
\BOOKMARK [2][-]{subsection.7.5.1}{\376\377\000T\000w\000o\000-\000P\000h\000a\000s\000e\000\040\000L\000o\000c\000k\000i\000n\000g\000\040\000\050\0002\000P\000L\000\051}{section.7.5}% 74
\BOOKMARK [2][-]{subsection.7.5.2}{\376\377\000L\000o\000c\000k\000\040\000T\000y\000p\000e\000s}{section.7.5}% 75
\BOOKMARK [2][-]{subsection.7.5.3}{\376\377\000L\000o\000c\000k\000\040\000G\000r\000a\000n\000u\000l\000a\000r\000i\000t\000y}{section.7.5}% 76
\BOOKMARK [1][-]{section.7.6}{\376\377\000D\000e\000a\000d\000l\000o\000c\000k\000\040\000D\000e\000t\000e\000c\000t\000i\000o\000n}{chapter.7}% 77
\BOOKMARK [2][-]{subsection.7.6.1}{\376\377\000D\000e\000t\000e\000c\000t\000i\000o\000n\000\040\000S\000t\000r\000a\000t\000e\000g\000i\000e\000s}{section.7.6}% 78
\BOOKMARK [1][-]{section.7.7}{\376\377\000O\000p\000t\000i\000m\000i\000s\000t\000i\000c\000\040\000C\000o\000n\000c\000u\000r\000r\000e\000n\000c\000y\000\040\000C\000o\000n\000t\000r\000o\000l\000\040\000\050\000O\000C\000C\000\051}{chapter.7}% 79
\BOOKMARK [0][-]{chapter.8}{\376\377\000M\000u\000l\000t\000i\000-\000V\000e\000r\000s\000i\000o\000n\000\040\000C\000o\000n\000c\000u\000r\000r\000e\000n\000c\000y\000\040\000C\000o\000n\000t\000r\000o\000l}{}% 80
\BOOKMARK [1][-]{section.8.1}{\376\377\000M\000o\000t\000i\000v\000a\000t\000i\000o\000n}{chapter.8}% 81
\BOOKMARK [1][-]{section.8.2}{\376\377\000V\000e\000r\000s\000i\000o\000n\000\040\000C\000h\000a\000i\000n}{chapter.8}% 82
\BOOKMARK [1][-]{section.8.3}{\376\377\000V\000i\000s\000i\000b\000i\000l\000i\000t\000y\000\040\000R\000u\000l\000e\000s}{chapter.8}% 83
\BOOKMARK [1][-]{section.8.4}{\376\377\000M\000V\000C\000C\000\040\000I\000m\000p\000l\000e\000m\000e\000n\000t\000a\000t\000i\000o\000n\000\040\000S\000t\000r\000a\000t\000e\000g\000i\000e\000s}{chapter.8}% 84
\BOOKMARK [2][-]{subsection.8.4.1}{\376\377\000A\000p\000p\000e\000n\000d\000-\000O\000n\000l\000y\000\040\000\050\000P\000o\000s\000t\000g\000r\000e\000S\000Q\000L\000\040\000S\000t\000y\000l\000e\000\051}{section.8.4}% 85
\BOOKMARK [2][-]{subsection.8.4.2}{\376\377\000D\000e\000l\000t\000a\000\040\000S\000t\000o\000r\000a\000g\000e\000\040\000\050\000O\000r\000a\000c\000l\000e\000/\000S\000Q\000L\000\040\000S\000e\000r\000v\000e\000r\000\040\000S\000t\000y\000l\000e\000\051}{section.8.4}% 86
\BOOKMARK [1][-]{section.8.5}{\376\377\000G\000a\000r\000b\000a\000g\000e\000\040\000C\000o\000l\000l\000e\000c\000t\000i\000o\000n}{chapter.8}% 87
\BOOKMARK [1][-]{section.8.6}{\376\377\000S\000n\000a\000p\000s\000h\000o\000t\000\040\000I\000s\000o\000l\000a\000t\000i\000o\000n}{chapter.8}% 88
\BOOKMARK [1][-]{section.8.7}{\376\377\000M\000V\000C\000C\000\040\000i\000n\000\040\000S\000h\000i\000f\000t\000\137\000E\000l\000i\000t\000e\000\040\000D\000B\000\040\040\024\000\040\000D\000e\000s\000i\000g\000n\000\040\000P\000a\000t\000h}{chapter.8}% 89
\BOOKMARK [0][-]{chapter.9}{\376\377\000B\000u\000f\000f\000e\000r\000\040\000M\000a\000n\000a\000g\000e\000m\000e\000n\000t}{}% 90
\BOOKMARK [1][-]{section.9.1}{\376\377\000T\000h\000e\000\040\000B\000u\000f\000f\000e\000r\000\040\000P\000o\000o\000l\000\040\000C\000o\000n\000c\000e\000p\000t}{chapter.9}% 91
\BOOKMARK [1][-]{section.9.2}{\376\377\000B\000u\000f\000f\000e\000r\000\040\000P\000o\000o\000l\000\040\000A\000r\000c\000h\000i\000t\000e\000c\000t\000u\000r\000e\000\040\000i\000n\000\040\000S\000h\000i\000f\000t\000\137\000E\000l\000i\000t\000e\000\040\000D\000B}{chapter.9}% 92
\BOOKMARK [2][-]{subsection.9.2.1}{\376\377\000B\000u\000f\000f\000e\000r\000F\000r\000a\000m\000e\000\040\000S\000t\000r\000u\000c\000t\000u\000r\000e}{section.9.2}% 93
\BOOKMARK [2][-]{subsection.9.2.2}{\376\377\000K\000e\000y\000\040\000O\000p\000e\000r\000a\000t\000i\000o\000n\000s}{section.9.2}% 94
\BOOKMARK [1][-]{section.9.3}{\376\377\000L\000R\000U\000\040\000E\000v\000i\000c\000t\000i\000o\000n\000\040\000P\000o\000l\000i\000c\000y}{chapter.9}% 95
\BOOKMARK [1][-]{section.9.4}{\376\377\000P\000a\000g\000e\000\040\000R\000e\000p\000l\000a\000c\000e\000m\000e\000n\000t\000\040\000P\000o\000l\000i\000c\000i\000e\000s}{chapter.9}% 96
\BOOKMARK [1][-]{section.9.5}{\376\377\000T\000h\000r\000e\000a\000d\000\040\000S\000a\000f\000e\000t\000y}{chapter.9}% 97
\BOOKMARK [1][-]{section.9.6}{\376\377\000P\000e\000r\000f\000o\000r\000m\000a\000n\000c\000e\000\040\000M\000e\000t\000r\000i\000c\000s}{chapter.9}% 98
\BOOKMARK [0][-]{chapter.10}{\376\377\000W\000r\000i\000t\000e\000-\000A\000h\000e\000a\000d\000\040\000L\000o\000g\000g\000i\000n\000g\000\040\000\046\000\040\000R\000e\000c\000o\000v\000e\000r\000y}{}% 99
\BOOKMARK [1][-]{section.10.1}{\376\377\000T\000h\000e\000\040\000D\000u\000r\000a\000b\000i\000l\000i\000t\000y\000\040\000P\000r\000o\000b\000l\000e\000m}{chapter.10}% 100
\BOOKMARK [1][-]{section.10.2}{\376\377\000L\000o\000g\000\040\000R\000e\000c\000o\000r\000d\000\040\000S\000t\000r\000u\000c\000t\000u\000r\000e}{chapter.10}% 101
\BOOKMARK [1][-]{section.10.3}{\376\377\000A\000R\000I\000E\000S\000\040\000R\000e\000c\000o\000v\000e\000r\000y\000\040\000A\000l\000g\000o\000r\000i\000t\000h\000m}{chapter.10}% 102
\BOOKMARK [2][-]{subsection.10.3.1}{\376\377\000P\000h\000a\000s\000e\000\040\0001\000:\000\040\000A\000n\000a\000l\000y\000s\000i\000s}{section.10.3}% 103
\BOOKMARK [2][-]{subsection.10.3.2}{\376\377\000P\000h\000a\000s\000e\000\040\0002\000:\000\040\000R\000e\000d\000o}{section.10.3}% 104
\BOOKMARK [2][-]{subsection.10.3.3}{\376\377\000P\000h\000a\000s\000e\000\040\0003\000:\000\040\000U\000n\000d\000o}{section.10.3}% 105
\BOOKMARK [1][-]{section.10.4}{\376\377\000C\000h\000e\000c\000k\000p\000o\000i\000n\000t\000i\000n\000g}{chapter.10}% 106
\BOOKMARK [1][-]{section.10.5}{\376\377\000W\000A\000L\000\040\000i\000n\000\040\000S\000h\000i\000f\000t\000\137\000E\000l\000i\000t\000e\000\040\000D\000B\000\040\040\024\000\040\000D\000e\000s\000i\000g\000n\000\040\000P\000a\000t\000h}{chapter.10}% 107
\BOOKMARK [1][-]{section.10.6}{\376\377\000S\000T\000E\000A\000L\000\040\000v\000s\000\040\000N\000O\000-\000S\000T\000E\000A\000L\000,\000\040\000F\000O\000R\000C\000E\000\040\000v\000s\000\040\000N\000O\000-\000F\000O\000R\000C\000E}{chapter.10}% 108
\BOOKMARK [0][-]{chapter.11}{\376\377\000W\000e\000b\000\040\000I\000n\000t\000e\000r\000f\000a\000c\000e}{}% 109
\BOOKMARK [1][-]{section.11.1}{\376\377\000A\000r\000c\000h\000i\000t\000e\000c\000t\000u\000r\000e\000\040\000O\000v\000e\000r\000v\000i\000e\000w}{chapter.11}% 110
\BOOKMARK [1][-]{section.11.2}{\376\377\000R\000E\000S\000T\000\040\000A\000P\000I\000\040\000D\000e\000s\000i\000g\000n}{chapter.11}% 111
\BOOKMARK [2][-]{subsection.11.2.1}{\376\377\000Q\000u\000e\000r\000y\000\040\000E\000x\000e\000c\000u\000t\000i\000o\000n\000\040\000F\000l\000o\000w}{section.11.2}% 112
\BOOKMARK [1][-]{section.11.3}{\376\377\000C\000+\000+\000\040\000H\000T\000T\000P\000\040\000S\000e\000r\000v\000e\000r\000\040\000I\000m\000p\000l\000e\000m\000e\000n\000t\000a\000t\000i\000o\000n}{chapter.11}% 113
\BOOKMARK [2][-]{subsection.11.3.1}{\376\377\000S\000e\000r\000v\000e\000r\000\040\000L\000i\000f\000e\000c\000y\000c\000l\000e}{section.11.3}% 114
\BOOKMARK [2][-]{subsection.11.3.2}{\376\377\000C\000r\000o\000s\000s\000-\000P\000l\000a\000t\000f\000o\000r\000m\000\040\000S\000u\000p\000p\000o\000r\000t}{section.11.3}% 115
\BOOKMARK [2][-]{subsection.11.3.3}{\376\377\000C\000O\000R\000S\000\040\000H\000a\000n\000d\000l\000i\000n\000g}{section.11.3}% 116
\BOOKMARK [1][-]{section.11.4}{\376\377\000R\000e\000a\000c\000t\000\040\000F\000r\000o\000n\000t\000e\000n\000d\000\040\000A\000r\000c\000h\000i\000t\000e\000c\000t\000u\000r\000e}{chapter.11}% 117
\BOOKMARK [2][-]{subsection.11.4.1}{\376\377\000S\000t\000a\000t\000e\000\040\000M\000a\000n\000a\000g\000e\000m\000e\000n\000t}{section.11.4}% 118
\BOOKMARK [2][-]{subsection.11.4.2}{\376\377\000U\000I\000\040\000C\000o\000m\000p\000o\000n\000e\000n\000t\000s}{section.11.4}% 119
\BOOKMARK [1][-]{section.11.5}{\376\377\000N\000o\000d\000e\000.\000j\000s\000\040\000B\000a\000c\000k\000e\000n\000d\000\040\000\050\000A\000l\000t\000e\000r\000n\000a\000t\000i\000v\000e\000\051}{chapter.11}% 120
\BOOKMARK [0][-]{chapter.12}{\376\377\000P\000e\000r\000f\000o\000r\000m\000a\000n\000c\000e\000\040\000A\000n\000a\000l\000y\000s\000i\000s}{}% 121
\BOOKMARK [1][-]{section.12.1}{\376\377\000B\000e\000n\000c\000h\000m\000a\000r\000k\000i\000n\000g\000\040\000M\000e\000t\000h\000o\000d\000o\000l\000o\000g\000y}{chapter.12}% 122
\BOOKMARK [2][-]{subsection.12.1.1}{\376\377\000T\000e\000s\000t\000\040\000E\000n\000v\000i\000r\000o\000n\000m\000e\000n\000t}{section.12.1}% 123
\BOOKMARK [1][-]{section.12.2}{\376\377\000Q\000u\000e\000r\000y\000\040\000P\000e\000r\000f\000o\000r\000m\000a\000n\000c\000e\000\040\000B\000e\000n\000c\000h\000m\000a\000r\000k\000s}{chapter.12}% 124
\BOOKMARK [2][-]{subsection.12.2.1}{\376\377\000P\000o\000i\000n\000t\000\040\000Q\000u\000e\000r\000i\000e\000s}{section.12.2}% 125
\BOOKMARK [2][-]{subsection.12.2.2}{\376\377\000F\000u\000l\000l\000\040\000T\000a\000b\000l\000e\000\040\000S\000c\000a\000n\000s}{section.12.2}% 126
\BOOKMARK [2][-]{subsection.12.2.3}{\376\377\000A\000g\000g\000r\000e\000g\000a\000t\000e\000\040\000Q\000u\000e\000r\000i\000e\000s}{section.12.2}% 127
\BOOKMARK [2][-]{subsection.12.2.4}{\376\377\000J\000O\000I\000N\000\040\000P\000e\000r\000f\000o\000r\000m\000a\000n\000c\000e}{section.12.2}% 128
\BOOKMARK [1][-]{section.12.3}{\376\377\000B\000u\000f\000f\000e\000r\000\040\000P\000o\000o\000l\000\040\000P\000e\000r\000f\000o\000r\000m\000a\000n\000c\000e}{chapter.12}% 129
\BOOKMARK [1][-]{section.12.4}{\376\377\000O\000p\000t\000i\000m\000i\000s\000a\000t\000i\000o\000n\000\040\000O\000p\000p\000o\000r\000t\000u\000n\000i\000t\000i\000e\000s}{chapter.12}% 130
\BOOKMARK [1][-]{section.12.5}{\376\377\000I\000N\000S\000E\000R\000T\000\040\000T\000h\000r\000o\000u\000g\000h\000p\000u\000t}{chapter.12}% 131
\BOOKMARK [0][-]{appendix.A}{\376\377\000K\000e\000y\000\040\000A\000l\000g\000o\000r\000i\000t\000h\000m\000s}{}% 132
\BOOKMARK [1][-]{section.A.1}{\376\377\000S\000t\000o\000r\000a\000g\000e\000\040\000E\000n\000g\000i\000n\000e\000\040\000A\000l\000g\000o\000r\000i\000t\000h\000m\000s}{appendix.A}% 133
\BOOKMARK [1][-]{section.A.2}{\376\377\000B\000u\000f\000f\000e\000r\000\040\000P\000o\000o\000l\000\040\000A\000l\000g\000o\000r\000i\000t\000h\000m\000s}{appendix.A}% 134
\BOOKMARK [1][-]{section.A.3}{\376\377\000P\000a\000r\000s\000e\000r\000\040\000A\000l\000g\000o\000r\000i\000t\000h\000m\000s}{appendix.A}% 135
\BOOKMARK [1][-]{section.A.4}{\376\377\000B\000-\000T\000r\000e\000e\000\040\000A\000l\000g\000o\000r\000i\000t\000h\000m\000s}{appendix.A}% 136
\BOOKMARK [1][-]{section.A.5}{\376\377\000R\000e\000c\000o\000v\000e\000r\000y\000\040\000A\000l\000g\000o\000r\000i\000t\000h\000m\000s}{appendix.A}% 137
\BOOKMARK [1][-]{section.A.6}{\376\377\000Q\000u\000e\000r\000y\000\040\000E\000x\000e\000c\000u\000t\000i\000o\000n\000\040\000A\000l\000g\000o\000r\000i\000t\000h\000m\000s}{appendix.A}% 138
\BOOKMARK [0][-]{appendix.B}{\376\377\000I\000n\000t\000e\000r\000v\000i\000e\000w\000\040\000P\000r\000e\000p\000a\000r\000a\000t\000i\000o\000n\000\040\000G\000u\000i\000d\000e}{}% 139
\BOOKMARK [1][-]{section.B.1}{\376\377\000S\000t\000o\000r\000a\000g\000e\000\040\000E\000n\000g\000i\000n\000e\000\040\000\046\000\040\000P\000a\000g\000e\000\040\000M\000a\000n\000a\000g\000e\000m\000e\000n\000t}{appendix.B}% 140
\BOOKMARK [1][-]{section.B.2}{\376\377\000B\000u\000f\000f\000e\000r\000\040\000M\000a\000n\000a\000g\000e\000m\000e\000n\000t}{appendix.B}% 141
\BOOKMARK [1][-]{section.B.3}{\376\377\000I\000n\000d\000e\000x\000i\000n\000g}{appendix.B}% 142
\BOOKMARK [1][-]{section.B.4}{\376\377\000S\000Q\000L\000\040\000P\000a\000r\000s\000i\000n\000g}{appendix.B}% 143
\BOOKMARK [1][-]{section.B.5}{\376\377\000Q\000u\000e\000r\000y\000\040\000O\000p\000t\000i\000m\000i\000s\000a\000t\000i\000o\000n}{appendix.B}% 144
\BOOKMARK [1][-]{section.B.6}{\376\377\000T\000r\000a\000n\000s\000a\000c\000t\000i\000o\000n\000s\000\040\000\046\000\040\000C\000o\000n\000c\000u\000r\000r\000e\000n\000c\000y}{appendix.B}% 145
\BOOKMARK [1][-]{section.B.7}{\376\377\000M\000V\000C\000C}{appendix.B}% 146
\BOOKMARK [1][-]{section.B.8}{\376\377\000W\000r\000i\000t\000e\000-\000A\000h\000e\000a\000d\000\040\000L\000o\000g\000g\000i\000n\000g\000\040\000\046\000\040\000R\000e\000c\000o\000v\000e\000r\000y}{appendix.B}% 147
\BOOKMARK [1][-]{section.B.9}{\376\377\000A\000r\000c\000h\000i\000t\000e\000c\000t\000u\000r\000e\000\040\000\046\000\040\000D\000e\000s\000i\000g\000n}{appendix.B}% 148
\BOOKMARK [1][-]{section.B.10}{\376\377\000P\000e\000r\000f\000o\000r\000m\000a\000n\000c\000e\000\040\000\046\000\040\000O\000p\000t\000i\000m\000i\000s\000a\000t\000i\000o\000n}{appendix.B}% 149
\BOOKMARK [1][-]{section.B.11}{\376\377\000W\000e\000b\000\040\000\046\000\040\000S\000y\000s\000t\000e\000m\000s\000\040\000D\000e\000s\000i\000g\000n}{appendix.B}% 150
\BOOKMARK [1][-]{section.B.12}{\376\377\000R\000a\000p\000i\000d\000-\000F\000i\000r\000e\000\040\000Q\000u\000e\000s\000t\000i\000o\000n\000s}{appendix.B}% 151
